<?xml version="1.0" encoding="UTF-8" ?>
<testsuites>
  <testsuite errors="0" failures="0" hostname="klauer1nicholas" id="0" name="DomainTests" package="" tests="1" time="0.25" timestamp="2009-01-27T20:52:22">
      <properties />

      <testcase classname="DomainTests" name="testSomething" time="0.0" />

      <system-out><![CDATA[--Output from testSomething--
]]></system-out>

      <system-err><![CDATA[--Output from testSomething--
]]></system-err>

  </testsuite>
  <testsuite errors="0" failures="0" hostname="klauer1nicholas" id="1" name="EventTests" package="" tests="1" time="0.016" timestamp="2009-01-27T20:52:22">
      <properties />

      <testcase classname="EventTests" name="testSomething" time="0.0" />

      <system-out><![CDATA[--Output from testSomething--
]]></system-out>

      <system-err><![CDATA[--Output from testSomething--
]]></system-err>

  </testsuite>
  <testsuite errors="0" failures="0" hostname="klauer1nicholas" id="2" name="IntDetailTests" package="" tests="1" time="0.016" timestamp="2009-01-27T20:52:22">
      <properties />

      <testcase classname="IntDetailTests" name="testSomething" time="0.0" />

      <system-out><![CDATA[--Output from testSomething--
]]></system-out>

      <system-err><![CDATA[--Output from testSomething--
]]></system-err>

  </testsuite>
  <testsuite errors="0" failures="0" hostname="klauer1nicholas" id="3" name="IntegrationTests" package="" tests="1" time="0.0" timestamp="2009-01-27T20:52:22">
      <properties />

      <testcase classname="IntegrationTests" name="testSomething" time="0.0" />

      <system-out><![CDATA[--Output from testSomething--
]]></system-out>

      <system-err><![CDATA[--Output from testSomething--
]]></system-err>

  </testsuite>
  <testsuite errors="0" failures="0" hostname="klauer1nicholas" id="4" name="PortsTests" package="" tests="1" time="0.0" timestamp="2009-01-27T20:52:22">
      <properties />

      <testcase classname="PortsTests" name="testSomething" time="0.0" />

      <system-out><![CDATA[--Output from testSomething--
]]></system-out>

      <system-err><![CDATA[--Output from testSomething--
]]></system-err>

  </testsuite>
  <testsuite errors="0" failures="0" hostname="klauer1nicholas" id="5" name="VendorTests" package="" tests="1" time="0.0" timestamp="2009-01-27T20:52:22">
      <properties />

      <testcase classname="VendorTests" name="testSomething" time="0.0" />

      <system-out><![CDATA[--Output from testSomething--
]]></system-out>

      <system-err><![CDATA[--Output from testSomething--
]]></system-err>

  </testsuite>
  <testsuite errors="0" failures="0" hostname="klauer1nicholas" id="6" name="ZoneTests" package="" tests="1" time="0.0" timestamp="2009-01-27T20:52:22">
      <properties />

      <testcase classname="ZoneTests" name="testSomething" time="0.0" />

      <system-out><![CDATA[--Output from testSomething--
]]></system-out>

      <system-err><![CDATA[--Output from testSomething--
]]></system-err>

  </testsuite>
</testsuites>
